This is pdfTeX, Version 3.14159265-2.6-1.40.18 (TeX Live 2017/Debian) (preloaded format=pdflatex 2018.6.1)  15 JUN 2018 03:37
entering extended mode
 restricted \write18 enabled.
 %&-line parsing enabled.
**gearmaking-current.tex
(./gearmaking-current.tex
LaTeX2e <2017-04-15>
Babel <3.12> and hyphenation patterns for 84 language(s) loaded.
(/usr/share/texlive/texmf-dist/tex/latex/base/article.cls
Document Class: article 2014/09/29 v1.4h Standard LaTeX document class
(/usr/share/texlive/texmf-dist/tex/latex/base/size12.clo
File: size12.clo 2014/09/29 v1.4h Standard LaTeX file (size option)
)
\c@part=\count79
\c@section=\count80
\c@subsection=\count81
\c@subsubsection=\count82
\c@paragraph=\count83
\c@subparagraph=\count84
\c@figure=\count85
\c@table=\count86
\abovecaptionskip=\skip41
\belowcaptionskip=\skip42
\bibindent=\dimen102
)
(/usr/share/texlive/texmf-dist/tex/latex/graphics/graphicx.sty
Package: graphicx 2017/06/01 v1.1a Enhanced LaTeX Graphics (DPC,SPQR)

(/usr/share/texlive/texmf-dist/tex/latex/graphics/keyval.sty
Package: keyval 2014/10/28 v1.15 key=value parser (DPC)
\KV@toks@=\toks14
)
(/usr/share/texlive/texmf-dist/tex/latex/graphics/graphics.sty
Package: graphics 2017/06/25 v1.2c Standard LaTeX Graphics (DPC,SPQR)

(/usr/share/texlive/texmf-dist/tex/latex/graphics/trig.sty
Package: trig 2016/01/03 v1.10 sin cos tan (DPC)
)
(/usr/share/texlive/texmf-dist/tex/latex/graphics-cfg/graphics.cfg
File: graphics.cfg 2016/06/04 v1.11 sample graphics configuration
)
Package graphics Info: Driver file: pdftex.def on input line 99.

(/usr/share/texlive/texmf-dist/tex/latex/graphics-def/pdftex.def
File: pdftex.def 2017/06/24 v1.0g Graphics/color driver for pdftex
))
\Gin@req@height=\dimen103
\Gin@req@width=\dimen104
)
(/usr/share/texlive/texmf-dist/tex/latex/amsmath/amsmath.sty
Package: amsmath 2016/11/05 v2.16a AMS math features
\@mathmargin=\skip43

For additional information on amsmath, use the `?' option.
(/usr/share/texlive/texmf-dist/tex/latex/amsmath/amstext.sty
Package: amstext 2000/06/29 v2.01 AMS text

(/usr/share/texlive/texmf-dist/tex/latex/amsmath/amsgen.sty
File: amsgen.sty 1999/11/30 v2.0 generic functions
\@emptytoks=\toks15
\ex@=\dimen105
))
(/usr/share/texlive/texmf-dist/tex/latex/amsmath/amsbsy.sty
Package: amsbsy 1999/11/29 v1.2d Bold Symbols
\pmbraise@=\dimen106
)
(/usr/share/texlive/texmf-dist/tex/latex/amsmath/amsopn.sty
Package: amsopn 2016/03/08 v2.02 operator names
)
\inf@bad=\count87
LaTeX Info: Redefining \frac on input line 213.
\uproot@=\count88
\leftroot@=\count89
LaTeX Info: Redefining \overline on input line 375.
\classnum@=\count90
\DOTSCASE@=\count91
LaTeX Info: Redefining \ldots on input line 472.
LaTeX Info: Redefining \dots on input line 475.
LaTeX Info: Redefining \cdots on input line 596.
\Mathstrutbox@=\box26
\strutbox@=\box27
\big@size=\dimen107
LaTeX Font Info:    Redeclaring font encoding OML on input line 712.
LaTeX Font Info:    Redeclaring font encoding OMS on input line 713.
\macc@depth=\count92
\c@MaxMatrixCols=\count93
\dotsspace@=\muskip10
\c@parentequation=\count94
\dspbrk@lvl=\count95
\tag@help=\toks16
\row@=\count96
\column@=\count97
\maxfields@=\count98
\andhelp@=\toks17
\eqnshift@=\dimen108
\alignsep@=\dimen109
\tagshift@=\dimen110
\tagwidth@=\dimen111
\totwidth@=\dimen112
\lineht@=\dimen113
\@envbody=\toks18
\multlinegap=\skip44
\multlinetaggap=\skip45
\mathdisplay@stack=\toks19
LaTeX Info: Redefining \[ on input line 2817.
LaTeX Info: Redefining \] on input line 2818.
)
(/usr/share/texlive/texmf-dist/tex/latex/float/float.sty
Package: float 2001/11/08 v1.3d Float enhancements (AL)
\c@float@type=\count99
\float@exts=\toks20
\float@box=\box28
\@float@everytoks=\toks21
\@floatcapt=\box29
)
No file gearmaking-current.aux.
\openout1 = `gearmaking-current.aux'.

LaTeX Font Info:    Checking defaults for OML/cmm/m/it on input line 6.
LaTeX Font Info:    ... okay on input line 6.
LaTeX Font Info:    Checking defaults for T1/cmr/m/n on input line 6.
LaTeX Font Info:    ... okay on input line 6.
LaTeX Font Info:    Checking defaults for OT1/cmr/m/n on input line 6.
LaTeX Font Info:    ... okay on input line 6.
LaTeX Font Info:    Checking defaults for OMS/cmsy/m/n on input line 6.
LaTeX Font Info:    ... okay on input line 6.
LaTeX Font Info:    Checking defaults for OMX/cmex/m/n on input line 6.
LaTeX Font Info:    ... okay on input line 6.
LaTeX Font Info:    Checking defaults for U/cmr/m/n on input line 6.
LaTeX Font Info:    ... okay on input line 6.
(/usr/share/texlive/texmf-dist/tex/context/base/mkii/supp-pdf.mkii
[Loading MPS to PDF converter (version 2006.09.02).]
\scratchcounter=\count100
\scratchdimen=\dimen114
\scratchbox=\box30
\nofMPsegments=\count101
\nofMParguments=\count102
\everyMPshowfont=\toks22
\MPscratchCnt=\count103
\MPscratchDim=\dimen115
\MPnumerator=\count104
\makeMPintoPDFobject=\count105
\everyMPtoPDFconversion=\toks23
) (/usr/share/texlive/texmf-dist/tex/latex/oberdiek/epstopdf-base.sty
Package: epstopdf-base 2016/05/15 v2.6 Base part for package epstopdf

(/usr/share/texlive/texmf-dist/tex/generic/oberdiek/infwarerr.sty
Package: infwarerr 2016/05/16 v1.4 Providing info/warning/error messages (HO)
)
(/usr/share/texlive/texmf-dist/tex/latex/oberdiek/grfext.sty
Package: grfext 2016/05/16 v1.2 Manage graphics extensions (HO)

(/usr/share/texlive/texmf-dist/tex/generic/oberdiek/kvdefinekeys.sty
Package: kvdefinekeys 2016/05/16 v1.4 Define keys (HO)

(/usr/share/texlive/texmf-dist/tex/generic/oberdiek/ltxcmds.sty
Package: ltxcmds 2016/05/16 v1.23 LaTeX kernel commands for general use (HO)
)))
(/usr/share/texlive/texmf-dist/tex/latex/oberdiek/kvoptions.sty
Package: kvoptions 2016/05/16 v3.12 Key value format for package options (HO)

(/usr/share/texlive/texmf-dist/tex/generic/oberdiek/kvsetkeys.sty
Package: kvsetkeys 2016/05/16 v1.17 Key value parser (HO)

(/usr/share/texlive/texmf-dist/tex/generic/oberdiek/etexcmds.sty
Package: etexcmds 2016/05/16 v1.6 Avoid name clashes with e-TeX commands (HO)

(/usr/share/texlive/texmf-dist/tex/generic/oberdiek/ifluatex.sty
Package: ifluatex 2016/05/16 v1.4 Provides the ifluatex switch (HO)
Package ifluatex Info: LuaTeX not detected.
)
Package etexcmds Info: Could not find \expanded.
(etexcmds)             That can mean that you are not using pdfTeX 1.50 or
(etexcmds)             that some package has redefined \expanded.
(etexcmds)             In the latter case, load this package earlier.
)))
(/usr/share/texlive/texmf-dist/tex/generic/oberdiek/pdftexcmds.sty
Package: pdftexcmds 2017/03/19 v0.25 Utility functions of pdfTeX for LuaTeX (HO
)

(/usr/share/texlive/texmf-dist/tex/generic/oberdiek/ifpdf.sty
Package: ifpdf 2017/03/15 v3.2 Provides the ifpdf switch
)
Package pdftexcmds Info: LuaTeX not detected.
Package pdftexcmds Info: \pdf@primitive is available.
Package pdftexcmds Info: \pdf@ifprimitive is available.
Package pdftexcmds Info: \pdfdraftmode found.
)
Package epstopdf-base Info: Redefining graphics rule for `.eps' on input line 4
38.
Package grfext Info: Graphics extension search list:
(grfext)             [.pdf,.png,.jpg,.mps,.jpeg,.jbig2,.jb2,.PDF,.PNG,.JPG,.JPE
G,.JBIG2,.JB2,.eps]
(grfext)             \AppendGraphicsExtensions on input line 456.

(/usr/share/texlive/texmf-dist/tex/latex/latexconfig/epstopdf-sys.cfg
File: epstopdf-sys.cfg 2010/07/13 v1.3 Configuration of (r)epstopdf for TeX Liv
e
))
<exclamation.jpeg, id=1, 301.125pt x 301.125pt>
File: exclamation.jpeg Graphic file (type jpg)
<use exclamation.jpeg>
Package pdftex.def Info: exclamation.jpeg  used on input line 23. on input line
 23.
Package pdftex.def Info: Requested size: 36.135pt x 36.13344pt on input line 23
.
File: exclamation.jpeg Graphic file (type jpg)
<use exclamation.jpeg>
Package pdftex.def Info: exclamation.jpeg  used on input line 29. on input line
 29.
Package pdftex.def Info: Requested size: 36.135pt x 36.13344pt on input line 29
.
File: exclamation.jpeg Graphic file (type jpg)
<use exclamation.jpeg>
Package pdftex.def Info: exclamation.jpeg  used on input line 36. on input line
 36.
Package pdftex.def Info: Requested size: 36.135pt x 36.13344pt on input line 36
.

Overfull \hbox (6.79999pt too wide) in paragraph at lines 18--37
[]
 []


Overfull \hbox (6.79999pt too wide) in paragraph at lines 18--37
[]
 []


Overfull \hbox (6.79999pt too wide) in paragraph at lines 18--37
[] 
 []


Underfull \vbox (badness 10000) has occurred while \output is active []

 [1

{/var/lib/texmf/fonts/map/pdftex/updmap/pdftex.map} <./exclamation.jpeg>] [2]
No file gearmaking-current.toc.
\tf@toc=\write3
\openout3 = `gearmaking-current.toc'.


LaTeX Warning: Reference `sec:measuring' on page 3 undefined on input line 54.

[3

]
LaTeX Font Info:    Try loading font information for OMS+cmr on input line 77.
 (/usr/share/texlive/texmf-dist/tex/latex/base/omscmr.fd
File: omscmr.fd 2014/09/29 v2.5h Standard LaTeX font definitions
)
LaTeX Font Info:    Font shape `OMS/cmr/m/n' in size <12> not available
(Font)              Font shape `OMS/cmsy/m/n' tried instead on input line 77.
 [4]
<diagram1.png, id=22, 1159.33125pt x 930.47626pt>
File: diagram1.png Graphic file (type png)
<use diagram1.png>
Package pdftex.def Info: diagram1.png  used on input line 125. on input line 12
5.
Package pdftex.def Info: Requested size: 361.34999pt x 290.02063pt on input lin
e 125.

Underfull \vbox (badness 2846) has occurred while \output is active []

 [5]
<diagram2.png, id=27, 1175.39125pt x 926.46124pt>
File: diagram2.png Graphic file (type png)
<use diagram2.png>
Package pdftex.def Info: diagram2.png  used on input line 131. on input line 13
1.
Package pdftex.def Info: Requested size: 361.34999pt x 284.81091pt on input lin
e 131.

Underfull \vbox (badness 10000) has occurred while \output is active []

 [6 <./diagram1.png>] [7 <./diagram2.png>]
<gearparts1.png, id=37, 2826.56pt x 1534.73375pt>
File: gearparts1.png Graphic file (type png)
<use gearparts1.png>
Package pdftex.def Info: gearparts1.png  used on input line 150. on input line 
150.
Package pdftex.def Info: Requested size: 361.34999pt x 196.19702pt on input lin
e 150.
 [8 <./gearparts1.png (PNG copy)>]

LaTeX Warning: Reference `fig:gearToothParts' on page 9 undefined on input line
 163.

[9]
<gearInspEngEdge.png, id=46, 394.47375pt x 408.52625pt>
File: gearInspEngEdge.png Graphic file (type png)
<use gearInspEngEdge.png>
Package pdftex.def Info: gearInspEngEdge.png  used on input line 207. on input 
line 207.
Package pdftex.def Info: Requested size: 216.81pt x 224.53429pt on input line 2
07.

Underfull \hbox (badness 1838) in paragraph at lines 208--208
[]\OT1/cmr/m/n/12 Figure 4: A gear wire sit-ting be-tween teeth, on the pitch c
ir-cle.
 []


Underfull \hbox (badness 2644) in paragraph at lines 208--208
\OT1/cmr/m/n/12 Adapted from En-gi-neer's Edge, llc. (n.d.). In-spec-tion Meth-
ods
 []


Underfull \vbox (badness 2080) has occurred while \output is active []

 [10]
<gearMeasure.jpg, id=50, 4047.12pt x 3035.34pt>
File: gearMeasure.jpg Graphic file (type jpg)
<use gearMeasure.jpg>
Package pdftex.def Info: gearMeasure.jpg  used on input line 220. on input line
 220.
Package pdftex.def Info: Requested size: 361.34999pt x 270.99199pt on input lin
e 220.

[11 <./gearInspEngEdge.png>] [12 <./gearMeasure.jpg>]
<indexOnMill.jpg, id=58, 4047.12pt x 3035.34pt>
File: indexOnMill.jpg Graphic file (type jpg)
<use indexOnMill.jpg>
Package pdftex.def Info: indexOnMill.jpg  used on input line 236. on input line
 236.
Package pdftex.def Info: Requested size: 361.34999pt x 270.99199pt on input lin
e 236.
<indexSetup.jpg, id=59, 4047.12pt x 3035.34pt>
File: indexSetup.jpg Graphic file (type jpg)
<use indexSetup.jpg>
Package pdftex.def Info: indexSetup.jpg  used on input line 248. on input line 
248.
Package pdftex.def Info: Requested size: 361.34999pt x 270.99199pt on input lin
e 248.
 [13


 <./indexOnMill.jpg>]
[14 <./indexSetup.jpg>]
<indexPlate.jpg, id=67, 3035.34pt x 4047.12pt>
File: indexPlate.jpg Graphic file (type jpg)
<use indexPlate.jpg>
Package pdftex.def Info: indexPlate.jpg  used on input line 265. on input line 
265.
Package pdftex.def Info: Requested size: 361.34999pt x 481.74295pt on input lin
e 265.

Underfull \vbox (badness 10000) has occurred while \output is active []

 [15

]
Overfull \vbox (5.32626pt too high) has occurred while \output is active []


[16 <./indexPlate.jpg>]
<gearBlank.jpg, id=74, 4047.12pt x 3035.34pt>
File: gearBlank.jpg Graphic file (type jpg)
<use gearBlank.jpg>
Package pdftex.def Info: gearBlank.jpg  used on input line 289. on input line 2
89.
Package pdftex.def Info: Requested size: 361.34999pt x 270.99199pt on input lin
e 289.
 [17] [18 <./gearBlank.jpg>]
<cutterArbor.jpg, id=81, 4047.12pt x 3035.34pt>
File: cutterArbor.jpg Graphic file (type jpg)
<use cutterArbor.jpg>
Package pdftex.def Info: cutterArbor.jpg  used on input line 311. on input line
 311.
Package pdftex.def Info: Requested size: 361.34999pt x 270.99199pt on input lin
e 311.

Underfull \vbox (badness 10000) has occurred while \output is active []

 [19]
[20 <./cutterArbor.jpg>]
<cutter2.jpg, id=89, 4047.12pt x 3035.34pt>
File: cutter2.jpg Graphic file (type jpg)
<use cutter2.jpg>
Package pdftex.def Info: cutter2.jpg  used on input line 321. on input line 321
.
Package pdftex.def Info: Requested size: 361.34999pt x 270.99199pt on input lin
e 321.
 [21

 <./cutter2.jpg>]
<speedSetting.jpg, id=93, 3035.34pt x 4047.12pt>
File: speedSetting.jpg Graphic file (type jpg)
<use speedSetting.jpg>
Package pdftex.def Info: speedSetting.jpg  used on input line 347. on input lin
e 347.
Package pdftex.def Info: Requested size: 361.34999pt x 481.74295pt on input lin
e 347.

Underfull \vbox (badness 3343) has occurred while \output is active []

 [22

]
Overfull \vbox (22.62625pt too high) has occurred while \output is active []


[23 <./speedSetting.jpg>]
<feedSelect.png, id=100, 625.33624pt x 407.5225pt>
File: feedSelect.png Graphic file (type png)
<use feedSelect.png>
Package pdftex.def Info: feedSelect.png  used on input line 380. on input line 
380.
Package pdftex.def Info: Requested size: 361.34999pt x 235.49265pt on input lin
e 380.
 [24]
<blankAlign.jpg, id=104, 3035.34pt x 4047.12pt>
File: blankAlign.jpg Graphic file (type jpg)
<use blankAlign.jpg>
Package pdftex.def Info: blankAlign.jpg  used on input line 392. on input line 
392.
Package pdftex.def Info: Requested size: 361.34999pt x 481.74295pt on input lin
e 392.

Underfull \vbox (badness 8038) has occurred while \output is active []

 [25 <./feedSelect.png>] [26 <./blankAlign.jpg>]

LaTeX Warning: Reference `fig:cutterAlign' on page 27 undefined on input line 4
01.

<touchOff.jpg, id=113, 3035.34pt x 4047.12pt>
File: touchOff.jpg Graphic file (type jpg)
<use touchOff.jpg>
Package pdftex.def Info: touchOff.jpg  used on input line 422. on input line 42
2.
Package pdftex.def Info: Requested size: 325.215pt x 433.57483pt on input line 
422.
[27]
<firstCut.png, id=117, 575.14874pt x 640.3925pt>
File: firstCut.png Graphic file (type png)
<use firstCut.png>
Package pdftex.def Info: firstCut.png  used on input line 432. on input line 43
2.
Package pdftex.def Info: Requested size: 361.34999pt x 402.35498pt on input lin
e 432.

Underfull \vbox (badness 3049) has occurred while \output is active []

 [28 <./touchOff.jpg>] [29 <./firstCut.png>]
<midProcess.jpg, id=125, 3035.34pt x 4047.12pt>
File: midProcess.jpg Graphic file (type jpg)
<use midProcess.jpg>
Package pdftex.def Info: midProcess.jpg  used on input line 462. on input line 
462.
Package pdftex.def Info: Requested size: 361.34999pt x 481.74295pt on input lin
e 462.
 [30

]
Overfull \vbox (8.12625pt too high) has occurred while \output is active []


[31 <./midProcess.jpg>]
<finalProduct.jpg, id=133, 3035.34pt x 4047.12pt>
File: finalProduct.jpg Graphic file (type jpg)
<use finalProduct.jpg>
Package pdftex.def Info: finalProduct.jpg  used on input line 485. on input lin
e 485.
Package pdftex.def Info: Requested size: 361.34999pt x 481.74295pt on input lin
e 485.
 [32]
Overfull \vbox (27.3196pt too high) has occurred while \output is active []


[33 <./finalProduct.jpg>]
Missing character: There is no â in font cmr12!
Missing character: There is no € in font cmr12!
Missing character: There is no “ in font cmr12!

Overfull \hbox (4.40424pt too wide) in paragraph at lines 513--514
\OT1/cmr/m/n/12 https://www.brighthubengineering.com/machine-design/65216-how-t
o-
 []


Overfull \hbox (44.16727pt too wide) in paragraph at lines 514--516
\OT1/cmr/m/n/12 gle Pin Mea-sure-ment Method. Re-trieved from https://www.engin
eersedge.com/
 []

[34] [35] (./gearmaking-current.aux)

LaTeX Warning: There were undefined references.


LaTeX Warning: Label(s) may have changed. Rerun to get cross-references right.

 ) 
Here is how much of TeX's memory you used:
 2232 strings out of 492990
 30488 string characters out of 6135006
 90952 words of memory out of 5000000
 5753 multiletter control sequences out of 15000+600000
 10541 words of font info for 38 fonts, out of 8000000 for 9000
 1141 hyphenation exceptions out of 8191
 41i,7n,26p,708b,305s stack positions out of 5000i,500n,10000p,200000b,80000s
</usr/share/texlive/texmf-dist/fonts/type1/public/amsfonts/cm/cmbx10.pfb></us
r/share/texlive/texmf-dist/fonts/type1/public/amsfonts/cm/cmbx12.pfb></usr/shar
e/texlive/texmf-dist/fonts/type1/public/amsfonts/cm/cmmi12.pfb></usr/share/texl
ive/texmf-dist/fonts/type1/public/amsfonts/cm/cmmi8.pfb></usr/share/texlive/tex
mf-dist/fonts/type1/public/amsfonts/cm/cmr10.pfb></usr/share/texlive/texmf-dist
/fonts/type1/public/amsfonts/cm/cmr12.pfb></usr/share/texlive/texmf-dist/fonts/
type1/public/amsfonts/cm/cmr17.pfb></usr/share/texlive/texmf-dist/fonts/type1/p
ublic/amsfonts/cm/cmsy10.pfb>
Output written on gearmaking-current.pdf (35 pages, 28434341 bytes).
PDF statistics:
 174 PDF objects out of 1000 (max. 8388607)
 103 compressed objects within 2 object streams
 0 named destinations out of 1000 (max. 500000)
 96 words of extra memory for PDF output out of 10000 (max. 10000000)

